<?xml version="1.0" encoding="UTF-8"?>
<!-- Generated by org.testng.reporters.JUnitReportReporter -->
<testsuite hostname="LAPTOP-8M37UFQA" failures="0" tests="1" name="testCases.TC2_loginTest" time="2.713" errors="0" timestamp="2025-08-25T21:55:11 IST" skipped="0">
  <testcase classname="testCases.TC2_loginTest" name="verify_LoginTest" time="2.713"/>
</testsuite> <!-- testCases.TC2_loginTest -->
